[debug] [2018-10-15T21:04:48.947Z] ----------------------------------------------------------------------
[debug] [2018-10-15T21:04:48.950Z] Command:       /usr/local/Cellar/node/10.8.0/bin/node /usr/local/bin/firebase serve --project beatscape-48240
[debug] [2018-10-15T21:04:48.951Z] CLI Version:   5.1.0
[debug] [2018-10-15T21:04:48.951Z] Platform:      darwin
[debug] [2018-10-15T21:04:48.951Z] Node Version:  v10.8.0
[debug] [2018-10-15T21:04:48.953Z] Time:          Mon Oct 15 2018 17:04:48 GMT-0400 (Eastern Daylight Time)
[debug] [2018-10-15T21:04:48.953Z] ----------------------------------------------------------------------
[debug] 
[debug] [2018-10-15T21:04:48.966Z] > command requires scopes: ["email","openid","https://www.googleapis.com/auth/cloudplatformprojects.readonly","https://www.googleapis.com/auth/firebase","https://www.googleapis.com/auth/cloud-platform"]
[debug] [2018-10-15T21:04:48.967Z] > authorizing via signed-in user
[debug] [2018-10-15T21:04:48.967Z] [iam] checking project beatscape-48240 for permissions ["firebase.projects.get"]
[debug] [2018-10-15T21:04:48.970Z] >>> HTTP REQUEST POST https://cloudresourcemanager.googleapis.com/v1/projects/beatscape-48240:testIamPermissions  

[debug] [2018-10-15T21:04:49.259Z] <<< HTTP RESPONSE 200
[debug] [2018-10-15T21:04:49.261Z] >>> HTTP REQUEST GET https://cloudresourcemanager.googleapis.com/v1/projects/beatscape-48240  
 
[debug] [2018-10-15T21:04:49.441Z] <<< HTTP RESPONSE 200
[info] 
[info] === Serving from '/Users/jose/Sites/__Bootcamp_Exercises/work/beatscape-bootcamp'...
[info] 
[debug] [2018-10-15T21:04:49.443Z] >>> HTTP REQUEST GET https://mobilesdk-pa.googleapis.com/v1/projects/912101144942/clients/_:getWebAppConfig  
 
[debug] [2018-10-15T21:04:49.760Z] <<< HTTP RESPONSE 200
[info] i  hosting: Serving hosting files from: /
[info] ✔  hosting: Local server: http://localhost:5000
